<?xml version="1.0" encoding="UTF-8"?>
<!-- Generated by org.testng.reporters.JUnitReportReporter -->
<testsuite hostname="CHNMCT452237L" failures="0" tests="1" name="org.info.prac.Automation.pract" time="20.054" errors="0" timestamp="2025-03-17T15:26:33 IST" skipped="0">
  <testcase classname="org.info.prac.Automation.pract" name="TcOne" time="20.054"/>
</testsuite> <!-- org.info.prac.Automation.pract -->
